<?xml version="1.0" encoding="UTF-8"?>
<testsuite name="study.data_jpa.entity.MemberTest" tests="1" skipped="0" failures="0" errors="0" timestamp="2025-01-09T08:46:41" hostname="DESKTOP-EUE33NB" time="1.643">
  <properties/>
  <testcase name="testEntity()" classname="study.data_jpa.entity.MemberTest" time="1.643"/>
  <system-out><![CDATA[17:46:34.616 [Test worker] INFO org.springframework.test.context.support.AnnotationConfigContextLoaderUtils -- Could not detect default configuration classes for test class [study.data_jpa.entity.MemberTest]: MemberTest does not declare any static, non-private, non-final, nested classes annotated with @Configuration.
17:46:34.785 [Test worker] INFO org.springframework.boot.test.context.SpringBootTestContextBootstrapper -- Found @SpringBootConfiguration study.data_jpa.DataJpaApplication for test class study.data_jpa.entity.MemberTest

  .   ____          _            __ _ _
 /\\ / ___'_ __ _ _(_)_ __  __ _ \ \ \ \
( ( )\___ | '_ | '_| | '_ \/ _` | \ \ \ \
 \\/  ___)| |_)| | | | | || (_| |  ) ) ) )
  '  |____| .__|_| |_|_| |_\__, | / / / /
 =========|_|==============|___/=/_/_/_/

 :: Spring Boot ::                (v3.4.1)

2025-01-09T17:46:35.596+09:00  INFO 10056 --- [    Test worker] study.data_jpa.entity.MemberTest         : Starting MemberTest using Java 17.0.13 with PID 10056 (started by kmw36 in C:\Users\kmw36\김영한 Spring boot\data-jpa)
2025-01-09T17:46:35.598+09:00  INFO 10056 --- [    Test worker] study.data_jpa.entity.MemberTest         : No active profile set, falling back to 1 default profile: "default"
2025-01-09T17:46:36.535+09:00  INFO 10056 --- [    Test worker] .s.d.r.c.RepositoryConfigurationDelegate : Bootstrapping Spring Data JPA repositories in DEFAULT mode.
2025-01-09T17:46:36.571+09:00  INFO 10056 --- [    Test worker] .s.d.r.c.RepositoryConfigurationDelegate : Finished Spring Data repository scanning in 22 ms. Found 0 JPA repository interfaces.
2025-01-09T17:46:37.302+09:00  INFO 10056 --- [    Test worker] o.hibernate.jpa.internal.util.LogHelper  : HHH000204: Processing PersistenceUnitInfo [name: default]
2025-01-09T17:46:37.393+09:00  INFO 10056 --- [    Test worker] org.hibernate.Version                    : HHH000412: Hibernate ORM core version 6.6.4.Final
2025-01-09T17:46:37.470+09:00  INFO 10056 --- [    Test worker] o.h.c.internal.RegionFactoryInitiator    : HHH000026: Second-level cache disabled
2025-01-09T17:46:37.949+09:00  INFO 10056 --- [    Test worker] o.s.o.j.p.SpringPersistenceUnitInfo      : No LoadTimeWeaver setup: ignoring JPA class transformer
2025-01-09T17:46:38.010+09:00  INFO 10056 --- [    Test worker] com.zaxxer.hikari.HikariDataSource       : HikariPool-1 - Starting...
2025-01-09T17:46:38.242+09:00  INFO 10056 --- [    Test worker] com.zaxxer.hikari.pool.HikariPool        : HikariPool-1 - Added connection com.mysql.cj.jdbc.ConnectionImpl@55881f40
2025-01-09T17:46:38.245+09:00  INFO 10056 --- [    Test worker] com.zaxxer.hikari.HikariDataSource       : HikariPool-1 - Start completed.
2025-01-09T17:46:38.341+09:00  INFO 10056 --- [    Test worker] org.hibernate.orm.connections.pooling    : HHH10001005: Database info:
	Database JDBC URL [Connecting through datasource 'p6SpyDataSourceDecorator [com.p6spy.engine.spy.P6DataSource] -> dataSource [com.zaxxer.hikari.HikariDataSource]']
	Database driver: undefined/unknown
	Database version: 8.0.37
	Autocommit mode: undefined/unknown
	Isolation level: undefined/unknown
	Minimum pool size: undefined/unknown
	Maximum pool size: undefined/unknown
2025-01-09T17:46:39.492+09:00  INFO 10056 --- [    Test worker] o.h.e.t.j.p.i.JtaPlatformInitiator       : HHH000489: No JTA platform available (set 'hibernate.transaction.jta.platform' to enable JTA platform integration)
2025-01-09T17:46:39.515+09:00 DEBUG 10056 --- [    Test worker] org.hibernate.SQL                        : 
    alter table member 
       drop 
       foreign key FKcjte2jn9pvo9ud2hyfgwcja0k
2025-01-09T17:46:39.585+09:00  INFO 10056 --- [    Test worker] p6spy                                    : statement 68ms
    ?[34malter?[0m ?[34mtable?[0m ?[34mmember?[0m 
       ?[34mdrop?[0m 
       ?[34mforeign?[0m ?[34mkey?[0m FKcjte2jn9pvo9ud2hyfgwcja0k
2025-01-09T17:46:39.586+09:00 DEBUG 10056 --- [    Test worker] org.hibernate.SQL                        : 
    drop table if exists member
2025-01-09T17:46:39.631+09:00  INFO 10056 --- [    Test worker] p6spy                                    : statement 43ms
    ?[34mdrop?[0m ?[34mtable?[0m ?[34mif?[0m ?[34mexists?[0m ?[34mmember?[0m
2025-01-09T17:46:39.632+09:00 DEBUG 10056 --- [    Test worker] org.hibernate.SQL                        : 
    drop table if exists member_seq
2025-01-09T17:46:39.679+09:00  INFO 10056 --- [    Test worker] p6spy                                    : statement 46ms
    ?[34mdrop?[0m ?[34mtable?[0m ?[34mif?[0m ?[34mexists?[0m member_seq
2025-01-09T17:46:39.680+09:00 DEBUG 10056 --- [    Test worker] org.hibernate.SQL                        : 
    drop table if exists team
2025-01-09T17:46:39.722+09:00  INFO 10056 --- [    Test worker] p6spy                                    : statement 41ms
    ?[34mdrop?[0m ?[34mtable?[0m ?[34mif?[0m ?[34mexists?[0m team
2025-01-09T17:46:39.722+09:00 DEBUG 10056 --- [    Test worker] org.hibernate.SQL                        : 
    drop table if exists team_seq
2025-01-09T17:46:39.764+09:00  INFO 10056 --- [    Test worker] p6spy                                    : statement 41ms
    ?[34mdrop?[0m ?[34mtable?[0m ?[34mif?[0m ?[34mexists?[0m team_seq
2025-01-09T17:46:39.771+09:00 DEBUG 10056 --- [    Test worker] org.hibernate.SQL                        : 
    create table member (
        age integer not null,
        member_id bigint not null,
        team_id bigint,
        username varchar(255),
        primary key (member_id)
    ) engine=InnoDB
2025-01-09T17:46:39.832+09:00  INFO 10056 --- [    Test worker] p6spy                                    : statement 59ms
    ?[34mcreate?[0m ?[34mtable?[0m ?[34mmember?[0m (
        age ?[34minteger?[0m ?[34mnot?[0m ?[34mnull?[0m,
        member_id ?[34mbigint?[0m ?[34mnot?[0m ?[34mnull?[0m,
        team_id ?[34mbigint?[0m,
        username ?[34mvarchar?[0m(255),
        ?[34mprimary?[0m ?[34mkey?[0m (member_id)
    ) engine=InnoDB
2025-01-09T17:46:39.833+09:00 DEBUG 10056 --- [    Test worker] org.hibernate.SQL                        : 
    create table member_seq (
        next_val bigint
    ) engine=InnoDB
2025-01-09T17:46:39.903+09:00  INFO 10056 --- [    Test worker] p6spy                                    : statement 69ms
    ?[34mcreate?[0m ?[34mtable?[0m member_seq (
        next_val ?[34mbigint?[0m
    ) engine=InnoDB
2025-01-09T17:46:39.903+09:00 DEBUG 10056 --- [    Test worker] org.hibernate.SQL                        : 
    insert into member_seq values ( 1 )
2025-01-09T17:46:39.915+09:00  INFO 10056 --- [    Test worker] p6spy                                    : statement 10ms
    ?[34minsert?[0m ?[34minto?[0m member_seq ?[34mvalues?[0m ( 1 )
2025-01-09T17:46:39.915+09:00 DEBUG 10056 --- [    Test worker] org.hibernate.SQL                        : 
    create table team (
        team_id bigint not null,
        name varchar(255),
        primary key (team_id)
    ) engine=InnoDB
2025-01-09T17:46:39.986+09:00  INFO 10056 --- [    Test worker] p6spy                                    : statement 70ms
    ?[34mcreate?[0m ?[34mtable?[0m team (
        team_id ?[34mbigint?[0m ?[34mnot?[0m ?[34mnull?[0m,
        name ?[34mvarchar?[0m(255),
        ?[34mprimary?[0m ?[34mkey?[0m (team_id)
    ) engine=InnoDB
2025-01-09T17:46:39.987+09:00 DEBUG 10056 --- [    Test worker] org.hibernate.SQL                        : 
    create table team_seq (
        next_val bigint
    ) engine=InnoDB
2025-01-09T17:46:40.064+09:00  INFO 10056 --- [    Test worker] p6spy                                    : statement 75ms
    ?[34mcreate?[0m ?[34mtable?[0m team_seq (
        next_val ?[34mbigint?[0m
    ) engine=InnoDB
2025-01-09T17:46:40.065+09:00 DEBUG 10056 --- [    Test worker] org.hibernate.SQL                        : 
    insert into team_seq values ( 1 )
2025-01-09T17:46:40.081+09:00  INFO 10056 --- [    Test worker] p6spy                                    : statement 15ms
    ?[34minsert?[0m ?[34minto?[0m team_seq ?[34mvalues?[0m ( 1 )
2025-01-09T17:46:40.082+09:00 DEBUG 10056 --- [    Test worker] org.hibernate.SQL                        : 
    alter table member 
       add constraint FKcjte2jn9pvo9ud2hyfgwcja0k 
       foreign key (team_id) 
       references team (team_id)
2025-01-09T17:46:40.309+09:00  INFO 10056 --- [    Test worker] p6spy                                    : statement 226ms
    ?[34malter?[0m ?[34mtable?[0m ?[34mmember?[0m 
       ?[34madd?[0m ?[34mconstraint?[0m FKcjte2jn9pvo9ud2hyfgwcja0k 
       ?[34mforeign?[0m ?[34mkey?[0m (team_id) 
       ?[34mreferences?[0m team (team_id)
2025-01-09T17:46:40.318+09:00  INFO 10056 --- [    Test worker] j.LocalContainerEntityManagerFactoryBean : Initialized JPA EntityManagerFactory for persistence unit 'default'
2025-01-09T17:46:40.526+09:00  WARN 10056 --- [    Test worker] JpaBaseConfiguration$JpaWebConfiguration : spring.jpa.open-in-view is enabled by default. Therefore, database queries may be performed during view rendering. Explicitly configure spring.jpa.open-in-view to disable this warning
2025-01-09T17:46:41.148+09:00  INFO 10056 --- [    Test worker] study.data_jpa.entity.MemberTest         : Started MemberTest in 6.1 seconds (process running for 7.938)
2025-01-09T17:46:42.043+09:00 DEBUG 10056 --- [    Test worker] org.hibernate.SQL                        : 
    select
        next_val as id_val 
    from
        team_seq for update
2025-01-09T17:46:42.074+09:00  INFO 10056 --- [    Test worker] p6spy                                    : statement 5ms
    ?[34mselect?[0m
        next_val ?[34mas?[0m id_val 
    ?[34mfrom?[0m
        team_seq ?[34mfor?[0m ?[34mupdate?[0m
2025-01-09T17:46:42.076+09:00 DEBUG 10056 --- [    Test worker] org.hibernate.SQL                        : 
    update
        team_seq 
    set
        next_val= ? 
    where
        next_val=?
2025-01-09T17:46:42.080+09:00  INFO 10056 --- [    Test worker] p6spy                                    : statement 2ms
    ?[34mupdate?[0m
        team_seq 
    ?[34mset?[0m
        next_val= 51 
    ?[34mwhere?[0m
        next_val=1
2025-01-09T17:46:42.127+09:00  INFO 10056 --- [    Test worker] p6spy                                    : commit 46ms
2025-01-09T17:46:42.165+09:00 DEBUG 10056 --- [    Test worker] org.hibernate.SQL                        : 
    select
        next_val as id_val 
    from
        team_seq for update
2025-01-09T17:46:42.167+09:00  INFO 10056 --- [    Test worker] p6spy                                    : statement 0ms
    ?[34mselect?[0m
        next_val ?[34mas?[0m id_val 
    ?[34mfrom?[0m
        team_seq ?[34mfor?[0m ?[34mupdate?[0m
2025-01-09T17:46:42.167+09:00 DEBUG 10056 --- [    Test worker] org.hibernate.SQL                        : 
    update
        team_seq 
    set
        next_val= ? 
    where
        next_val=?
2025-01-09T17:46:42.169+09:00  INFO 10056 --- [    Test worker] p6spy                                    : statement 1ms
    ?[34mupdate?[0m
        team_seq 
    ?[34mset?[0m
        next_val= 101 
    ?[34mwhere?[0m
        next_val=51
2025-01-09T17:46:42.182+09:00  INFO 10056 --- [    Test worker] p6spy                                    : commit 10ms
2025-01-09T17:46:42.184+09:00 DEBUG 10056 --- [    Test worker] org.hibernate.SQL                        : 
    select
        next_val as id_val 
    from
        member_seq for update
2025-01-09T17:46:42.186+09:00  INFO 10056 --- [    Test worker] p6spy                                    : statement 1ms
    ?[34mselect?[0m
        next_val ?[34mas?[0m id_val 
    ?[34mfrom?[0m
        member_seq ?[34mfor?[0m ?[34mupdate?[0m
2025-01-09T17:46:42.187+09:00 DEBUG 10056 --- [    Test worker] org.hibernate.SQL                        : 
    update
        member_seq 
    set
        next_val= ? 
    where
        next_val=?
2025-01-09T17:46:42.189+09:00  INFO 10056 --- [    Test worker] p6spy                                    : statement 1ms
    ?[34mupdate?[0m
        member_seq 
    ?[34mset?[0m
        next_val= 51 
    ?[34mwhere?[0m
        next_val=1
2025-01-09T17:46:42.201+09:00  INFO 10056 --- [    Test worker] p6spy                                    : commit 10ms
2025-01-09T17:46:42.203+09:00 DEBUG 10056 --- [    Test worker] org.hibernate.SQL                        : 
    select
        next_val as id_val 
    from
        member_seq for update
2025-01-09T17:46:42.205+09:00  INFO 10056 --- [    Test worker] p6spy                                    : statement 0ms
    ?[34mselect?[0m
        next_val ?[34mas?[0m id_val 
    ?[34mfrom?[0m
        member_seq ?[34mfor?[0m ?[34mupdate?[0m
2025-01-09T17:46:42.206+09:00 DEBUG 10056 --- [    Test worker] org.hibernate.SQL                        : 
    update
        member_seq 
    set
        next_val= ? 
    where
        next_val=?
2025-01-09T17:46:42.208+09:00  INFO 10056 --- [    Test worker] p6spy                                    : statement 1ms
    ?[34mupdate?[0m
        member_seq 
    ?[34mset?[0m
        next_val= 101 
    ?[34mwhere?[0m
        next_val=51
2025-01-09T17:46:42.217+09:00  INFO 10056 --- [    Test worker] p6spy                                    : commit 8ms
2025-01-09T17:46:42.246+09:00 DEBUG 10056 --- [    Test worker] org.hibernate.SQL                        : 
    insert 
    into
        team
        (name, team_id) 
    values
        (?, ?)
2025-01-09T17:46:42.253+09:00  INFO 10056 --- [    Test worker] p6spy                                    : statement 2ms
    ?[34minsert?[0m 
    ?[34minto?[0m
        team
        (name, team_id) 
    ?[34mvalues?[0m
        (?[36m'teamA'?[0m, 1)
2025-01-09T17:46:42.257+09:00 DEBUG 10056 --- [    Test worker] org.hibernate.SQL                        : 
    insert 
    into
        team
        (name, team_id) 
    values
        (?, ?)
2025-01-09T17:46:42.261+09:00  INFO 10056 --- [    Test worker] p6spy                                    : statement 2ms
    ?[34minsert?[0m 
    ?[34minto?[0m
        team
        (name, team_id) 
    ?[34mvalues?[0m
        (?[36m'teamB'?[0m, 2)
2025-01-09T17:46:42.262+09:00 DEBUG 10056 --- [    Test worker] org.hibernate.SQL                        : 
    insert 
    into
        member
        (age, team_id, username, member_id) 
    values
        (?, ?, ?, ?)
2025-01-09T17:46:42.265+09:00  INFO 10056 --- [    Test worker] p6spy                                    : statement 1ms
    ?[34minsert?[0m 
    ?[34minto?[0m
        ?[34mmember?[0m
        (age, team_id, username, member_id) 
    ?[34mvalues?[0m
        (10, 1, ?[36m'member1'?[0m, 1)
2025-01-09T17:46:42.266+09:00 DEBUG 10056 --- [    Test worker] org.hibernate.SQL                        : 
    insert 
    into
        member
        (age, team_id, username, member_id) 
    values
        (?, ?, ?, ?)
2025-01-09T17:46:42.268+09:00  INFO 10056 --- [    Test worker] p6spy                                    : statement 1ms
    ?[34minsert?[0m 
    ?[34minto?[0m
        ?[34mmember?[0m
        (age, team_id, username, member_id) 
    ?[34mvalues?[0m
        (20, 1, ?[36m'member2'?[0m, 2)
2025-01-09T17:46:42.269+09:00 DEBUG 10056 --- [    Test worker] org.hibernate.SQL                        : 
    insert 
    into
        member
        (age, team_id, username, member_id) 
    values
        (?, ?, ?, ?)
2025-01-09T17:46:42.272+09:00  INFO 10056 --- [    Test worker] p6spy                                    : statement 0ms
    ?[34minsert?[0m 
    ?[34minto?[0m
        ?[34mmember?[0m
        (age, team_id, username, member_id) 
    ?[34mvalues?[0m
        (30, 2, ?[36m'member3'?[0m, 3)
2025-01-09T17:46:42.273+09:00 DEBUG 10056 --- [    Test worker] org.hibernate.SQL                        : 
    insert 
    into
        member
        (age, team_id, username, member_id) 
    values
        (?, ?, ?, ?)
2025-01-09T17:46:42.275+09:00  INFO 10056 --- [    Test worker] p6spy                                    : statement 1ms
    ?[34minsert?[0m 
    ?[34minto?[0m
        ?[34mmember?[0m
        (age, team_id, username, member_id) 
    ?[34mvalues?[0m
        (40, 2, ?[36m'member4'?[0m, 4)
2025-01-09T17:46:42.737+09:00 DEBUG 10056 --- [    Test worker] org.hibernate.SQL                        : 
    select
        m1_0.member_id,
        m1_0.age,
        m1_0.team_id,
        m1_0.username 
    from
        member m1_0
2025-01-09T17:46:42.740+09:00  INFO 10056 --- [    Test worker] p6spy                                    : statement 0ms
    ?[34mselect?[0m
        m1_0.member_id,
        m1_0.age,
        m1_0.team_id,
        m1_0.username 
    ?[34mfrom?[0m
        ?[34mmember?[0m m1_0
2025-01-09T17:46:42.775+09:00 DEBUG 10056 --- [    Test worker] org.hibernate.SQL                        : 
    select
        t1_0.team_id,
        t1_0.name 
    from
        team t1_0 
    where
        t1_0.team_id=?
2025-01-09T17:46:42.776+09:00  INFO 10056 --- [    Test worker] p6spy                                    : statement 1ms
    ?[34mselect?[0m
        t1_0.team_id,
        t1_0.name 
    ?[34mfrom?[0m
        team t1_0 
    ?[34mwhere?[0m
        t1_0.team_id=1
2025-01-09T17:46:42.783+09:00 DEBUG 10056 --- [    Test worker] org.hibernate.SQL                        : 
    select
        t1_0.team_id,
        t1_0.name 
    from
        team t1_0 
    where
        t1_0.team_id=?
2025-01-09T17:46:42.785+09:00  INFO 10056 --- [    Test worker] p6spy                                    : statement 0ms
    ?[34mselect?[0m
        t1_0.team_id,
        t1_0.name 
    ?[34mfrom?[0m
        team t1_0 
    ?[34mwhere?[0m
        t1_0.team_id=2
member=Member(id=1, username=member1, age=10)
-> member.team=Team(id=1, name=teamA)
member=Member(id=2, username=member2, age=20)
-> member.team=Team(id=1, name=teamA)
member=Member(id=3, username=member3, age=30)
-> member.team=Team(id=2, name=teamB)
member=Member(id=4, username=member4, age=40)
-> member.team=Team(id=2, name=teamB)
2025-01-09T17:46:42.808+09:00  INFO 10056 --- [    Test worker] p6spy                                    : commit 10ms
]]></system-out>
  <system-err><![CDATA[]]></system-err>
</testsuite>
